[2024-01-29 12:50:40,428] multiqc                                            [DEBUG  ]  This is MultiQC v1.18
[2024-01-29 12:50:40,429] multiqc                                            [DEBUG  ]  Loading config settings from: multiqc_config.yml
[2024-01-29 12:50:40,429] multiqc                                            [DEBUG  ]  New config: {'report_comment': 'This report has been generated by the <a href="https://github.com/nf-core/ampliseq/releases/tag/2.8.0" target="_blank">nf-core/ampliseq</a> analysis pipeline. For information about how to interpret these results, please see the <a href="https://nf-co.re/ampliseq/2.8.0/docs/output" target="_blank">documentation</a>.\n', 'report_section_order': {'nf-core-ampliseq-methods-description': {'order': -1000}, 'software_versions': {'order': -1001}, 'nf-core-ampliseq-summary': {'order': -1002}}, 'export_plots': True}
[2024-01-29 12:50:40,430] multiqc                                            [DEBUG  ]  Loading config settings from: multiqc_config.yml
[2024-01-29 12:50:40,430] multiqc                                            [DEBUG  ]  New config: {'report_comment': 'This report has been generated by the <a href="https://github.com/nf-core/ampliseq/releases/tag/2.8.0" target="_blank">nf-core/ampliseq</a> analysis pipeline. For information about how to interpret these results, please see the <a href="https://nf-co.re/ampliseq/2.8.0/docs/output" target="_blank">documentation</a>.\n', 'report_section_order': {'nf-core-ampliseq-methods-description': {'order': -1000}, 'software_versions': {'order': -1001}, 'nf-core-ampliseq-summary': {'order': -1002}}, 'export_plots': True}
[2024-01-29 12:50:40,430] multiqc                                            [DEBUG  ]  Command used: /usr/local/bin/multiqc --force --config multiqc_config.yml .
[2024-01-29 12:50:40,912] multiqc                                            [WARNING]  MultiQC Version v1.19 now available!
[2024-01-29 12:50:40,912] multiqc                                            [DEBUG  ]  Working dir : /home/gut/Documents/PQ00112/PAN/work/3c/57ad0d10efda4108cb7f866e28132d
[2024-01-29 12:50:40,912] multiqc                                            [DEBUG  ]  Template    : default
[2024-01-29 12:50:40,912] multiqc                                            [DEBUG  ]  Running Python 3.11.6 | packaged by conda-forge | (main, Oct  3 2023, 10:40:35) [GCC 12.3.0]
[2024-01-29 12:50:40,912] multiqc                                            [DEBUG  ]  Analysing modules: custom_content, ccs, ngsderive, purple, conpair, lima, peddy, somalier, methylQA, mosdepth, phantompeakqualtools, qualimap, preseq, hifiasm, quast, qorts, rna_seqc, rockhopper, rsem, rseqc, busco, bustools, goleft_indexcov, gffcompare, disambiguate, supernova, deeptools, sargasso, verifybamid, mirtrace, happy, mirtop, sambamba, gopeaks, homer, hops, macs2, theta2, snpeff, gatk, htseq, bcftools, featureCounts, fgbio, dragen, dragen_fastqc, dedup, pbmarkdup, damageprofiler, mapdamage, biobambam2, jcvi, mtnucratio, picard, vep, bakta, prokka, qc3C, nanostat, samblaster, samtools, sexdeterrmine, seqera_cli, eigenstratdatabasetools, bamtools, jellyfish, vcftools, longranger, stacks, varscan2, snippy, umitools, truvari, bbmap, bismark, biscuit, diamond, hicexplorer, hicup, hicpro, salmon, kallisto, slamdunk, star, hisat2, tophat, bowtie2, bowtie1, cellranger, snpsplit, odgi, pangolin, nextclade, freyja, humid, kat, leehom, librarian, adapterRemoval, bbduk, clipandmerge, cutadapt, flexbar, sourmash, kaiju, bracken, kraken, malt, motus, trimmomatic, sickle, skewer, sortmerna, biobloomtools, fastq_screen, afterqc, fastp, fastqc, filtlong, prinseqplusplus, pychopper, porechop, pycoqc, minionqc, anglerfish, multivcfanalyzer, clusterflow, checkqc, bcl2fastq, bclconvert, interop, ivar, flash, seqyclean, optitype, whatshap, xenome, xengsort
[2024-01-29 12:50:40,913] multiqc                                            [DEBUG  ]  Using temporary directory for creating report: /tmp/tmpd56d_p0e
[2024-01-29 12:50:40,916] multiqc                                            [INFO   ]  Search path : /home/gut/Documents/PQ00112/PAN/work/3c/57ad0d10efda4108cb7f866e28132d
[2024-01-29 12:50:40,980] multiqc                                            [DEBUG  ]  Summary of files that were skipped by the search: [skipped_no_match: 8] // [skipped_module_specific_max_filesize: 6]
[2024-01-29 12:50:41,866] multiqc.plots.bargraph                             [DEBUG  ]  Using matplotlib version 3.8.1
[2024-01-29 12:50:41,868] multiqc.plots.linegraph                            [DEBUG  ]  Using matplotlib version 3.8.1
[2024-01-29 12:50:41,874] multiqc.modules.custom_content.custom_content      [INFO   ]  nf-core-ampliseq-summary: Found 1 sample (html)
[2024-01-29 12:50:41,874] multiqc.modules.custom_content.custom_content      [INFO   ]  software_versions: Found 1 sample (html)
[2024-01-29 12:50:41,874] multiqc.modules.custom_content.custom_content      [INFO   ]  nf-core-ampliseq-methods-description: Found 1 sample (html)
[2024-01-29 12:50:43,990] multiqc.modules.fastqc.fastqc                      [INFO   ]  Found 234 reports
[2024-01-29 12:50:58,509] multiqc.utils.software_versions                    [DEBUG  ]  Reading software versions from config.software_versions
[2024-01-29 12:50:58,510] multiqc                                            [DEBUG  ]  Reordering sections: anchor 'nf-core-ampliseq-methods-description' not found for module 'FastQC'.
[2024-01-29 12:50:58,510] multiqc                                            [DEBUG  ]  Reordering sections: anchor 'software_versions' not found for module 'FastQC'.
[2024-01-29 12:50:58,510] multiqc                                            [DEBUG  ]  Reordering sections: anchor 'nf-core-ampliseq-summary' not found for module 'FastQC'.
[2024-01-29 12:50:58,510] multiqc                                            [DEBUG  ]  Reordering sections: anchor 'nf-core-ampliseq-methods-description' not found for module 'Software Versions'.
[2024-01-29 12:50:58,510] multiqc                                            [DEBUG  ]  Reordering sections: anchor 'software_versions' not found for module 'Software Versions'.
[2024-01-29 12:50:58,511] multiqc                                            [DEBUG  ]  Reordering sections: anchor 'nf-core-ampliseq-summary' not found for module 'Software Versions'.
[2024-01-29 12:50:58,511] multiqc                                            [DEBUG  ]  Reordering sections: anchor 'nf-core-ampliseq-methods-description' not found for module 'nf-core/ampliseq Methods Description'.
[2024-01-29 12:50:58,511] multiqc                                            [DEBUG  ]  Reordering sections: anchor 'software_versions' not found for module 'nf-core/ampliseq Methods Description'.
[2024-01-29 12:50:58,511] multiqc                                            [DEBUG  ]  Reordering sections: anchor 'nf-core-ampliseq-summary' not found for module 'nf-core/ampliseq Methods Description'.
[2024-01-29 12:50:58,511] multiqc                                            [DEBUG  ]  Reordering sections: anchor 'nf-core-ampliseq-methods-description' not found for module 'nf-core/ampliseq Software Versions'.
[2024-01-29 12:50:58,511] multiqc                                            [DEBUG  ]  Reordering sections: anchor 'software_versions' not found for module 'nf-core/ampliseq Software Versions'.
[2024-01-29 12:50:58,511] multiqc                                            [DEBUG  ]  Reordering sections: anchor 'nf-core-ampliseq-summary' not found for module 'nf-core/ampliseq Software Versions'.
[2024-01-29 12:50:58,511] multiqc                                            [DEBUG  ]  Reordering sections: anchor 'nf-core-ampliseq-methods-description' not found for module 'nf-core/ampliseq Workflow Summary'.
[2024-01-29 12:50:58,511] multiqc                                            [DEBUG  ]  Reordering sections: anchor 'software_versions' not found for module 'nf-core/ampliseq Workflow Summary'.
[2024-01-29 12:50:58,511] multiqc                                            [DEBUG  ]  Reordering sections: anchor 'nf-core-ampliseq-summary' not found for module 'nf-core/ampliseq Workflow Summary'.
[2024-01-29 12:50:58,664] multiqc                                            [DEBUG  ]  Compressing plot data
[2024-01-29 12:50:58,800] multiqc                                            [INFO   ]  Report      : multiqc_report.html
[2024-01-29 12:50:58,800] multiqc                                            [INFO   ]  Data        : multiqc_data
[2024-01-29 12:50:58,800] multiqc                                            [DEBUG  ]  Moving data file from '/tmp/tmpd56d_p0e/multiqc_data' to '/home/gut/Documents/PQ00112/PAN/work/3c/57ad0d10efda4108cb7f866e28132d/multiqc_data'
[2024-01-29 12:50:58,803] multiqc                                            [DEBUG  ]  Full report path: /home/gut/Documents/PQ00112/PAN/work/3c/57ad0d10efda4108cb7f866e28132d/multiqc_report.html
[2024-01-29 12:50:58,803] multiqc                                            [INFO   ]  Plots       : multiqc_plots
[2024-01-29 12:50:58,803] multiqc                                            [DEBUG  ]  Moving plots directory from '/tmp/tmpd56d_p0e/multiqc_plots' to '/home/gut/Documents/PQ00112/PAN/work/3c/57ad0d10efda4108cb7f866e28132d/multiqc_plots'
[2024-01-29 12:50:58,879] multiqc                                            [INFO   ]  MultiQC complete
